#
# There is insufficient memory for the Java Runtime Environment to continue.
# Native memory allocation (malloc) failed to allocate 1048576 bytes for AllocateHeap
# Possible reasons:
#   The system is out of physical RAM or swap space
#   In 32 bit mode, the process size limit was hit
# Possible solutions:
#   Reduce memory load on the system
#   Increase physical memory or swap space
#   Check if swap backing store is full
#   Use 64 bit Java on a 64 bit OS
#   Decrease Java heap size (-Xmx/-Xms)
#   Decrease number of Java threads
#   Decrease Java thread stack sizes (-Xss)
#   Set larger code cache with -XX:ReservedCodeCacheSize=
# This output file may be truncated or incomplete.
#
#  Out of Memory Error (memory/allocation.inline.hpp:61), pid=4948, tid=11588
#
# JRE version:  (8.0_73-b02) (build )
# Java VM: Java HotSpot(TM) 64-Bit Server VM (25.73-b02 mixed mode windows-amd64 compressed oops)
# Failed to write core dump. Minidumps are not enabled by default on client versions of Windows
#

---------------  T H R E A D  ---------------

Current thread (0x0000000002354800):  JavaThread "Unknown thread" [_thread_in_vm, id=11588, stack(0x0000000002250000,0x0000000002350000)]

Stack: [0x0000000002250000,0x0000000002350000]
[error occurred during error reporting (printing stack bounds), id 0xc0000005]

Native frames: (J=compiled Java code, j=interpreted, Vv=VM code, C=native code)


---------------  P R O C E S S  ---------------

Java Threads: ( => current thread )

Other Threads:

=>0x0000000002354800 (exited) JavaThread "Unknown thread" [_thread_in_vm, id=11588, stack(0x0000000002250000,0x0000000002350000)]

VM state:not at safepoint (normal execution)

VM Mutex/Monitor currently owned by a thread: None

Heap:
 PSYoungGen      total 38400K, used 665K [0x00000000d5980000, 0x00000000d8400000, 0x0000000100000000)
  eden space 33280K, 2% used [0x00000000d5980000,0x00000000d5a26670,0x00000000d7a00000)
  from space 5120K, 0% used [0x00000000d7f00000,0x00000000d7f00000,0x00000000d8400000)
  to   space 5120K, 0% used [0x00000000d7a00000,0x00000000d7a00000,0x00000000d7f00000)
 ParOldGen       total 87552K, used 0K [0x0000000080c00000, 0x0000000086180000, 0x00000000d5980000)
  object space 87552K, 0% used [0x0000000080c00000,0x0000000080c00000,0x0000000086180000)
 Metaspace       used 769K, capacity 4480K, committed 4480K, reserved 1056768K
  class space    used 75K, capacity 384K, committed 384K, reserved 1048576K

Card table byte_map: [0x0000000011810000,0x0000000011c10000] byte_map_base: 0x000000001140a000

Marking Bits: (ParMarkBitMap*) 0x0000000077270600
 Begin Bits: [0x00000000122c0000, 0x0000000014290000)
 End Bits:   [0x0000000014290000, 0x0000000016260000)

Polling page: 0x0000000000910000

CodeCache: size=245760Kb used=328Kb max_used=328Kb free=245431Kb
 bounds [0x0000000002450000, 0x00000000026c0000, 0x0000000011450000]
 total_blobs=57 nmethods=0 adapters=37
 compilation: enabled

Compilation events (0 events):
No events

GC Heap History (0 events):
No events

Deoptimization events (0 events):
No events

Internal exceptions (0 events):
No events

Events (10 events):
Event: 0.102 loading class java/lang/Short
Event: 0.102 loading class java/lang/Short done
Event: 0.102 loading class java/lang/Integer
Event: 0.102 loading class java/lang/Integer done
Event: 0.102 loading class java/lang/Long
Event: 0.102 loading class java/lang/Long done
Event: 0.103 loading class java/lang/NullPointerException
Event: 0.103 loading class java/lang/NullPointerException done
Event: 0.103 loading class java/lang/ArithmeticException
Event: 0.103 loading class java/lang/ArithmeticException done


Dynamic libraries:
0x00007ff715120000 - 0x00007ff715157000 	C:\Program Files\Java\jdk1.8.0_73\bin\java.exe
0x00007ff8c5ff0000 - 0x00007ff8c61b1000 	C:\WINDOWS\SYSTEM32\ntdll.dll
0x00007ff8c3df0000 - 0x00007ff8c3e9d000 	C:\WINDOWS\system32\KERNEL32.DLL
0x00007ff8c31c0000 - 0x00007ff8c33a8000 	C:\WINDOWS\system32\KERNELBASE.dll
0x00007ff8c33d0000 - 0x00007ff8c3477000 	C:\WINDOWS\system32\ADVAPI32.dll
0x00007ff8c3530000 - 0x00007ff8c35cd000 	C:\WINDOWS\system32\msvcrt.dll
0x00007ff8c36d0000 - 0x00007ff8c372b000 	C:\WINDOWS\system32\sechost.dll
0x00007ff8c3fb0000 - 0x00007ff8c40cc000 	C:\WINDOWS\system32\RPCRT4.dll
0x00007ff8c4500000 - 0x00007ff8c4656000 	C:\WINDOWS\system32\USER32.dll
0x00007ff8c3c60000 - 0x00007ff8c3de6000 	C:\WINDOWS\system32\GDI32.dll
0x00007ff8bd340000 - 0x00007ff8bd5b4000 	C:\WINDOWS\WinSxS\amd64_microsoft.windows.common-controls_6595b64144ccf1df_6.0.10586.0_none_8c15ae12515e1c22\COMCTL32.dll
0x00007ff8c4280000 - 0x00007ff8c44fd000 	C:\WINDOWS\system32\combase.dll
0x00007ff8c3100000 - 0x00007ff8c316a000 	C:\WINDOWS\system32\bcryptPrimitives.dll
0x00007ff8c3950000 - 0x00007ff8c398b000 	C:\WINDOWS\system32\IMM32.DLL
0x0000000077cc0000 - 0x0000000077d92000 	C:\Program Files\Java\jdk1.8.0_73\jre\bin\msvcr100.dll
0x0000000076a60000 - 0x00000000772f0000 	C:\Program Files\Java\jdk1.8.0_73\jre\bin\server\jvm.dll
0x00007ff8c3500000 - 0x00007ff8c3508000 	C:\WINDOWS\system32\PSAPI.DLL
0x00007ff8c0aa0000 - 0x00007ff8c0ac3000 	C:\WINDOWS\SYSTEM32\WINMM.dll
0x00007ff8b76e0000 - 0x00007ff8b76e9000 	C:\WINDOWS\SYSTEM32\WSOCK32.dll
0x00007ff8bd5d0000 - 0x00007ff8bd5da000 	C:\WINDOWS\SYSTEM32\VERSION.dll
0x00007ff8c3630000 - 0x00007ff8c369b000 	C:\WINDOWS\system32\WS2_32.dll
0x0000000000920000 - 0x000000000094c000 	C:\WINDOWS\SYSTEM32\WINMMBASE.dll
0x00007ff8c3170000 - 0x00007ff8c31b3000 	C:\WINDOWS\system32\cfgmgr32.dll
0x0000000050070000 - 0x000000005007f000 	C:\Program Files\Java\jdk1.8.0_73\jre\bin\verify.dll
0x0000000050040000 - 0x0000000050069000 	C:\Program Files\Java\jdk1.8.0_73\jre\bin\java.dll
0x0000000050020000 - 0x0000000050036000 	C:\Program Files\Java\jdk1.8.0_73\jre\bin\zip.dll

VM Arguments:
jvm_args: -Dretrolambda.bytecodeVersion=50 -Dretrolambda.classpath=C:\testes-android\SpiderMagazine\app\build\intermediates\exploded-aar\io.reactivex\rxandroid\1.0.1\jars\classes.jar;C:\testes-android\SpiderMagazine\app\build\intermediates\exploded-aar\com.android.support\cardview-v7\24.1.1\jars\classes.jar;C:\testes-android\SpiderMagazine\app\build\intermediates\exploded-aar\com.android.support\design\24.1.1\jars\classes.jar;C:\testes-android\SpiderMagazine\app\build\intermediates\exploded-aar\com.android.support\appcompat-v7\24.1.1\jars\classes.jar;C:\testes-android\SpiderMagazine\app\build\intermediates\exploded-aar\com.android.support\animated-vector-drawable\24.1.1\jars\classes.jar;C:\testes-android\SpiderMagazine\app\build\intermediates\exploded-aar\com.android.support\support-vector-drawable\24.1.1\jars\classes.jar;C:\testes-android\SpiderMagazine\app\build\intermediates\exploded-aar\com.android.support\recyclerview-v7\24.1.1\jars\classes.jar;C:\testes-android\SpiderMagazine\app\build\intermediates\exploded-aar\com.android.support\support-v13\24.1.1\jars\classes.jar;C:\testes-android\SpiderMagazine\app\build\intermediates\exploded-aar\com.android.support\support-v13\24.1.1\jars\libs\internal_impl-24.1.1.jar;C:\testes-android\SpiderMagazine\app\build\intermediates\exploded-aar\com.android.support\support-v4\24.1.1\jars\classes.jar;C:\testes-android\SpiderMagazine\app\build\intermediates\exploded-aar\com.android.support\support-v4\24.1.1\jars\libs\internal_impl-24.1.1.jar;C:\testes-android\SpiderMagazine\app\build\intermediates\exploded-aar\com.jakewharton\butterknife\8.2.1\jars\classes.jar;C:\Users\429317980\.gradle\caches\modules-2\files-2.1\com.jakewharton\butterknife-annotations\8.2.1\d6f54d76edfbe779a50a8636b10fd3f555d8f780\butterknife-annotations-8.2.1.jar;C:\Users\429317980\AppData\Local\Android\sdk\extras\android\m2repository\com\android\support\support-annotations\24.1.1\support-annotations-24.1.1.jar;C:\Users\429317980\.gradle\caches\modules-2\files-2.1\io.reactivex\rxjava\1.0.14\898f9ab61e2a-Dretrolambda.includedFiles=C:\testes-android\SpiderMagazine\app\build\retrolambda\debug\br\com\levimendesestudos\spidermagazine\api\SpiderApi.class;C:\testes-android\SpiderMagazine\app\build\retrolambda\debug\br\com\levimendesestudos\spidermagazine\mvp\presenter\MainPresenter.class -Dretrolambda.inputDir=C:\testes-android\SpiderMagazine\app\build\retrolambda\debug -Dretrolambda.outputDir=C:\testes-android\SpiderMagazine\app\build\intermediates\classes\debug -Dfile.encoding=windows-1252 -Duser.country=BR -Duser.language=pt -Duser.variant 
java_command: net.orfjackal.retrolambda.Main
java_class_path (initial): C:\Users\429317980\.gradle\caches\modules-2\files-2.1\net.orfjackal.retrolambda\retrolambda\2.0.5\6ed35b4801a2d424d3dbf4aa21b1d8727b9e3efb\retrolambda-2.0.5.jar
Launcher Type: SUN_STANDARD

Environment Variables:
JAVA_HOME=C:\Program Files\Java\jdk1.7.0_79
PATH=C:\ProgramData\Oracle\Java\javapath;C:\Program Files (x86)\CA\SC\CAWIN\;C:\WINDOWS\system32;C:\WINDOWS;C:\WINDOWS\System32\Wbem;C:\WINDOWS\System32\WindowsPowerShell\v1.0\;c:\Program Files (x86)\Microsoft SQL Server\100\Tools\Binn\;c:\Program Files\Microsoft SQL Server\100\Tools\Binn\;c:\Program Files\Microsoft SQL Server\100\DTS\Binn\;c:\Program Files (x86)\Microsoft SQL Server\100\Tools\Binn\VSShell\Common7\IDE\;c:\Program Files (x86)\Microsoft SQL Server\100\DTS\Binn\;C:\Program Files (x86)\Borland\StarTeam SDK 11.0\Lib;C:\Program Files (x86)\Borland\StarTeam SDK 11.0\Bin;C:\Program Files (x86)\Silk\SilkTest;C:\Program Files (x86)\Silk\SilkTest\ng\gui;C:\Program Files (x86)\Borland\StarTeam SDK 10.0\Lib;C:\Program Files (x86)\Borland\StarTeam SDK 10.0\Bin;C:\Program Files (x86)\Borland\CaliberRM SDK 2008\lib;C:\Program Files\Microsoft\Web Platform Installer\;C:\Program Files (x86)\Microsoft ASP.NET\ASP.NET Web Pages\v1.0\;C:\Program Files (x86)\Windows Kits\8.0\Windows Performance Toolkit\;C:\Program Files\Microsoft SQL Server\110\Tools\Binn\;C:\Program Files (x86)\CA\SC\Csam\SockAdapter\bin;C:\Program Files (x86)\CA\SC\CBB\;C:\Program Files (x86)\CA\DSM\bin;C:\PROGRA~2\CA\SC\CAM\bin;C:\Program Files\Borland\StarTeam SDK 13.0\lib;C:\Program Files\Borland\StarTeam SDK 13.0\bin;C:\Program Files\Java\jdk1.7.0_79\bin;C:\Program Files (x86)\GtkSharp\2.12\bin;C:\Program Files (x86)\CA\SC\Csam\SockAdapter\bin64;C:\Program Files (x86)\Skype\Phone\;C:\Program Files (x86)\CA\SC\Csam\SockAdapter\bin;C:\Program Files (x86)\CA\SC\Csam\SockAdapter\bin64;C:\Program Files\nodejs\;C:\Users\429317980\AppData\Local\Android\sdk\platform-tools;C:\Users\429317980\AppData\Roaming\npm
USERNAME=809778
OS=Windows_NT
PROCESSOR_IDENTIFIER=Intel64 Family 6 Model 58 Stepping 9, GenuineIntel



---------------  S Y S T E M  ---------------

OS: Windows 10.0 , 64 bit Build 10586 (10.0.10586.0)

CPU:total 4 (4 cores per cpu, 1 threads per core) family 6 model 58 stepping 9, cmov, cx8, fxsr, mmx, sse, sse2, sse3, ssse3, sse4.1, sse4.2, popcnt, avx, aes, clmul, erms, tsc, tscinvbit, tscinv

Memory: 4k page, physical 8334044k(1487548k free), swap 8334044k(6172k free)

vm_info: Java HotSpot(TM) 64-Bit Server VM (25.73-b02) for windows-amd64 JRE (1.8.0_73-b02), built on Jan 29 2016 17:38:49 by "java_re" with MS VC++ 10.0 (VS2010)

time: Wed Dec 21 16:50:33 2016
elapsed time: 0 seconds (0d 0h 0m 0s)

